<?xml version="1.0" encoding="UTF-8"?>
<testsuites>
  <testsuite name="" tests="52" assertions="59" errors="0" warnings="0" failures="0" skipped="0" time="0.522049">
    <testsuite name="CronJob" tests="52" assertions="59" errors="0" warnings="0" failures="0" skipped="0" time="0.522049">
      <testsuite name="FrequenciesTraitTest" file="C:\Users\46066917X\Documents\GitHub\cronjob\tests\unit\FrequenciesTraitTest.php" tests="44" assertions="44" errors="0" warnings="0" failures="0" skipped="0" time="0.362766">
        <testcase name="testSetCron" class="FrequenciesTraitTest" classname="FrequenciesTraitTest" file="C:\Users\46066917X\Documents\GitHub\cronjob\tests\unit\FrequenciesTraitTest.php" line="21" assertions="1" time="0.075144"/>
        <testcase name="testDaily" class="FrequenciesTraitTest" classname="FrequenciesTraitTest" file="C:\Users\46066917X\Documents\GitHub\cronjob\tests\unit\FrequenciesTraitTest.php" line="30" assertions="1" time="0.006922"/>
        <testcase name="testDailyWithTime" class="FrequenciesTraitTest" classname="FrequenciesTraitTest" file="C:\Users\46066917X\Documents\GitHub\cronjob\tests\unit\FrequenciesTraitTest.php" line="37" assertions="1" time="0.008325"/>
        <testcase name="testHourly" class="FrequenciesTraitTest" classname="FrequenciesTraitTest" file="C:\Users\46066917X\Documents\GitHub\cronjob\tests\unit\FrequenciesTraitTest.php" line="44" assertions="1" time="0.006626"/>
        <testcase name="testHourlyWithMinutes" class="FrequenciesTraitTest" classname="FrequenciesTraitTest" file="C:\Users\46066917X\Documents\GitHub\cronjob\tests\unit\FrequenciesTraitTest.php" line="51" assertions="1" time="0.009036"/>
        <testcase name="testEveryFiveMinutes" class="FrequenciesTraitTest" classname="FrequenciesTraitTest" file="C:\Users\46066917X\Documents\GitHub\cronjob\tests\unit\FrequenciesTraitTest.php" line="58" assertions="1" time="0.006494"/>
        <testcase name="testEveryFifteenMinutes" class="FrequenciesTraitTest" classname="FrequenciesTraitTest" file="C:\Users\46066917X\Documents\GitHub\cronjob\tests\unit\FrequenciesTraitTest.php" line="65" assertions="1" time="0.006559"/>
        <testcase name="testEveryThirtyMinutes" class="FrequenciesTraitTest" classname="FrequenciesTraitTest" file="C:\Users\46066917X\Documents\GitHub\cronjob\tests\unit\FrequenciesTraitTest.php" line="72" assertions="1" time="0.006302"/>
        <testcase name="testEverySunday" class="FrequenciesTraitTest" classname="FrequenciesTraitTest" file="C:\Users\46066917X\Documents\GitHub\cronjob\tests\unit\FrequenciesTraitTest.php" line="79" assertions="1" time="0.006204"/>
        <testcase name="testEverySundayWithTime" class="FrequenciesTraitTest" classname="FrequenciesTraitTest" file="C:\Users\46066917X\Documents\GitHub\cronjob\tests\unit\FrequenciesTraitTest.php" line="86" assertions="1" time="0.006661"/>
        <testcase name="testEveryMonday" class="FrequenciesTraitTest" classname="FrequenciesTraitTest" file="C:\Users\46066917X\Documents\GitHub\cronjob\tests\unit\FrequenciesTraitTest.php" line="93" assertions="1" time="0.006131"/>
        <testcase name="testEveryMondayWithTime" class="FrequenciesTraitTest" classname="FrequenciesTraitTest" file="C:\Users\46066917X\Documents\GitHub\cronjob\tests\unit\FrequenciesTraitTest.php" line="100" assertions="1" time="0.006579"/>
        <testcase name="testEveryTuesday" class="FrequenciesTraitTest" classname="FrequenciesTraitTest" file="C:\Users\46066917X\Documents\GitHub\cronjob\tests\unit\FrequenciesTraitTest.php" line="107" assertions="1" time="0.006227"/>
        <testcase name="testEveryTuesdayWithTime" class="FrequenciesTraitTest" classname="FrequenciesTraitTest" file="C:\Users\46066917X\Documents\GitHub\cronjob\tests\unit\FrequenciesTraitTest.php" line="114" assertions="1" time="0.006581"/>
        <testcase name="testEveryWednesday" class="FrequenciesTraitTest" classname="FrequenciesTraitTest" file="C:\Users\46066917X\Documents\GitHub\cronjob\tests\unit\FrequenciesTraitTest.php" line="121" assertions="1" time="0.006262"/>
        <testcase name="testEveryWednesdayWithTime" class="FrequenciesTraitTest" classname="FrequenciesTraitTest" file="C:\Users\46066917X\Documents\GitHub\cronjob\tests\unit\FrequenciesTraitTest.php" line="128" assertions="1" time="0.006453"/>
        <testcase name="testEveryThursday" class="FrequenciesTraitTest" classname="FrequenciesTraitTest" file="C:\Users\46066917X\Documents\GitHub\cronjob\tests\unit\FrequenciesTraitTest.php" line="135" assertions="1" time="0.006234"/>
        <testcase name="testEveryThursdayWithTime" class="FrequenciesTraitTest" classname="FrequenciesTraitTest" file="C:\Users\46066917X\Documents\GitHub\cronjob\tests\unit\FrequenciesTraitTest.php" line="142" assertions="1" time="0.006770"/>
        <testcase name="testEveryFriday" class="FrequenciesTraitTest" classname="FrequenciesTraitTest" file="C:\Users\46066917X\Documents\GitHub\cronjob\tests\unit\FrequenciesTraitTest.php" line="149" assertions="1" time="0.006232"/>
        <testcase name="testEveryFridayWithTime" class="FrequenciesTraitTest" classname="FrequenciesTraitTest" file="C:\Users\46066917X\Documents\GitHub\cronjob\tests\unit\FrequenciesTraitTest.php" line="156" assertions="1" time="0.006165"/>
        <testcase name="testEverySaturday" class="FrequenciesTraitTest" classname="FrequenciesTraitTest" file="C:\Users\46066917X\Documents\GitHub\cronjob\tests\unit\FrequenciesTraitTest.php" line="163" assertions="1" time="0.006405"/>
        <testcase name="testEverySaturdayWithTime" class="FrequenciesTraitTest" classname="FrequenciesTraitTest" file="C:\Users\46066917X\Documents\GitHub\cronjob\tests\unit\FrequenciesTraitTest.php" line="170" assertions="1" time="0.006120"/>
        <testcase name="testMonthly" class="FrequenciesTraitTest" classname="FrequenciesTraitTest" file="C:\Users\46066917X\Documents\GitHub\cronjob\tests\unit\FrequenciesTraitTest.php" line="177" assertions="1" time="0.008502"/>
        <testcase name="testMonthlyWithTime" class="FrequenciesTraitTest" classname="FrequenciesTraitTest" file="C:\Users\46066917X\Documents\GitHub\cronjob\tests\unit\FrequenciesTraitTest.php" line="184" assertions="1" time="0.006521"/>
        <testcase name="testYearly" class="FrequenciesTraitTest" classname="FrequenciesTraitTest" file="C:\Users\46066917X\Documents\GitHub\cronjob\tests\unit\FrequenciesTraitTest.php" line="191" assertions="1" time="0.006897"/>
        <testcase name="testYearlyWithTime" class="FrequenciesTraitTest" classname="FrequenciesTraitTest" file="C:\Users\46066917X\Documents\GitHub\cronjob\tests\unit\FrequenciesTraitTest.php" line="198" assertions="1" time="0.006829"/>
        <testcase name="testQuarterly" class="FrequenciesTraitTest" classname="FrequenciesTraitTest" file="C:\Users\46066917X\Documents\GitHub\cronjob\tests\unit\FrequenciesTraitTest.php" line="205" assertions="1" time="0.007631"/>
        <testcase name="testQuarterlyWithTime" class="FrequenciesTraitTest" classname="FrequenciesTraitTest" file="C:\Users\46066917X\Documents\GitHub\cronjob\tests\unit\FrequenciesTraitTest.php" line="212" assertions="1" time="0.006524"/>
        <testcase name="testWeekdays" class="FrequenciesTraitTest" classname="FrequenciesTraitTest" file="C:\Users\46066917X\Documents\GitHub\cronjob\tests\unit\FrequenciesTraitTest.php" line="219" assertions="1" time="0.006648"/>
        <testcase name="testWeekdaysWithTime" class="FrequenciesTraitTest" classname="FrequenciesTraitTest" file="C:\Users\46066917X\Documents\GitHub\cronjob\tests\unit\FrequenciesTraitTest.php" line="226" assertions="1" time="0.006206"/>
        <testcase name="testWeekends" class="FrequenciesTraitTest" classname="FrequenciesTraitTest" file="C:\Users\46066917X\Documents\GitHub\cronjob\tests\unit\FrequenciesTraitTest.php" line="233" assertions="1" time="0.006530"/>
        <testcase name="testWeekendsWithTime" class="FrequenciesTraitTest" classname="FrequenciesTraitTest" file="C:\Users\46066917X\Documents\GitHub\cronjob\tests\unit\FrequenciesTraitTest.php" line="240" assertions="1" time="0.006245"/>
        <testcase name="testEveryHour" class="FrequenciesTraitTest" classname="FrequenciesTraitTest" file="C:\Users\46066917X\Documents\GitHub\cronjob\tests\unit\FrequenciesTraitTest.php" line="247" assertions="1" time="0.006753"/>
        <testcase name="testEveryHourWithHour" class="FrequenciesTraitTest" classname="FrequenciesTraitTest" file="C:\Users\46066917X\Documents\GitHub\cronjob\tests\unit\FrequenciesTraitTest.php" line="254" assertions="1" time="0.006313"/>
        <testcase name="testEveryHourWithHourAndMinutes" class="FrequenciesTraitTest" classname="FrequenciesTraitTest" file="C:\Users\46066917X\Documents\GitHub\cronjob\tests\unit\FrequenciesTraitTest.php" line="261" assertions="1" time="0.006947"/>
        <testcase name="testBetweenHours" class="FrequenciesTraitTest" classname="FrequenciesTraitTest" file="C:\Users\46066917X\Documents\GitHub\cronjob\tests\unit\FrequenciesTraitTest.php" line="268" assertions="1" time="0.006580"/>
        <testcase name="testHours" class="FrequenciesTraitTest" classname="FrequenciesTraitTest" file="C:\Users\46066917X\Documents\GitHub\cronjob\tests\unit\FrequenciesTraitTest.php" line="275" assertions="1" time="0.006507"/>
        <testcase name="testEveryMinute" class="FrequenciesTraitTest" classname="FrequenciesTraitTest" file="C:\Users\46066917X\Documents\GitHub\cronjob\tests\unit\FrequenciesTraitTest.php" line="282" assertions="1" time="0.006657"/>
        <testcase name="testEveryMinuteWithParameter" class="FrequenciesTraitTest" classname="FrequenciesTraitTest" file="C:\Users\46066917X\Documents\GitHub\cronjob\tests\unit\FrequenciesTraitTest.php" line="289" assertions="1" time="0.006455"/>
        <testcase name="testBetweenMinutes" class="FrequenciesTraitTest" classname="FrequenciesTraitTest" file="C:\Users\46066917X\Documents\GitHub\cronjob\tests\unit\FrequenciesTraitTest.php" line="296" assertions="1" time="0.006582"/>
        <testcase name="testMinutes" class="FrequenciesTraitTest" classname="FrequenciesTraitTest" file="C:\Users\46066917X\Documents\GitHub\cronjob\tests\unit\FrequenciesTraitTest.php" line="303" assertions="1" time="0.006412"/>
        <testcase name="testDays" class="FrequenciesTraitTest" classname="FrequenciesTraitTest" file="C:\Users\46066917X\Documents\GitHub\cronjob\tests\unit\FrequenciesTraitTest.php" line="310" assertions="1" time="0.006658"/>
        <testcase name="testDaysOfMonth" class="FrequenciesTraitTest" classname="FrequenciesTraitTest" file="C:\Users\46066917X\Documents\GitHub\cronjob\tests\unit\FrequenciesTraitTest.php" line="317" assertions="1" time="0.006362"/>
        <testcase name="testMonths" class="FrequenciesTraitTest" classname="FrequenciesTraitTest" file="C:\Users\46066917X\Documents\GitHub\cronjob\tests\unit\FrequenciesTraitTest.php" line="324" assertions="1" time="0.007576"/>
      </testsuite>
      <testsuite name="JobLogTest" file="C:\Users\46066917X\Documents\GitHub\cronjob\tests\unit\JobLogTest.php" tests="3" assertions="3" errors="0" warnings="0" failures="0" skipped="0" time="0.053383">
        <testsuite name="JobLogTest::testDuration" tests="3" assertions="3" errors="0" warnings="0" failures="0" skipped="0" time="0.053383">
          <testcase name="testDuration with data set #0" class="JobLogTest" classname="JobLogTest" file="C:\Users\46066917X\Documents\GitHub\cronjob\tests\unit\JobLogTest.php" line="41" assertions="1" time="0.040537"/>
          <testcase name="testDuration with data set #1" class="JobLogTest" classname="JobLogTest" file="C:\Users\46066917X\Documents\GitHub\cronjob\tests\unit\JobLogTest.php" line="41" assertions="1" time="0.006414"/>
          <testcase name="testDuration with data set #2" class="JobLogTest" classname="JobLogTest" file="C:\Users\46066917X\Documents\GitHub\cronjob\tests\unit\JobLogTest.php" line="41" assertions="1" time="0.006431"/>
        </testsuite>
      </testsuite>
      <testsuite name="JobRunnerTest" file="C:\Users\46066917X\Documents\GitHub\cronjob\tests\unit\JobRunnerTest.php" tests="2" assertions="4" errors="0" warnings="0" failures="0" skipped="0" time="0.083481">
        <testcase name="testRunWithNoTasks" class="JobRunnerTest" classname="JobRunnerTest" file="C:\Users\46066917X\Documents\GitHub\cronjob\tests\unit\JobRunnerTest.php" line="28" assertions="1" time="0.037324"/>
        <testcase name="testRunWithSuccess" class="JobRunnerTest" classname="JobRunnerTest" file="C:\Users\46066917X\Documents\GitHub\cronjob\tests\unit\JobRunnerTest.php" line="33" assertions="3" time="0.046157"/>
      </testsuite>
      <testsuite name="SchedulerTest" file="C:\Users\46066917X\Documents\GitHub\cronjob\tests\unit\SchedulerTest.php" tests="3" assertions="8" errors="0" warnings="0" failures="0" skipped="0" time="0.022419">
        <testcase name="testCallSavesTask" class="SchedulerTest" classname="SchedulerTest" file="C:\Users\46066917X\Documents\GitHub\cronjob\tests\unit\SchedulerTest.php" line="24" assertions="4" time="0.007080"/>
        <testcase name="testCommandSavesTask" class="SchedulerTest" classname="SchedulerTest" file="C:\Users\46066917X\Documents\GitHub\cronjob\tests\unit\SchedulerTest.php" line="38" assertions="2" time="0.007889"/>
        <testcase name="testShellSavesTask" class="SchedulerTest" classname="SchedulerTest" file="C:\Users\46066917X\Documents\GitHub\cronjob\tests\unit\SchedulerTest.php" line="46" assertions="2" time="0.007451"/>
      </testsuite>
    </testsuite>
  </testsuite>
</testsuites>
